<?xml version="1.0" encoding="UTF-8"?>
<testng-results skipped="0" failed="0" ignored="0" total="1" passed="1">
  <reporter-output>
  </reporter-output>
  <suite name="Default suite" duration-ms="11224" started-at="2019-01-14T07:08:47Z" finished-at="2019-01-14T07:08:58Z">
    <groups>
    </groups>
    <test name="Default test" duration-ms="11224" started-at="2019-01-14T07:08:47Z" finished-at="2019-01-14T07:08:58Z">
      <class name="gitTutorial.com.gitTutorial.testNGCode">
        <test-method status="PASS" signature="login()[pri:0, instance:gitTutorial.com.gitTutorial.testNGCode@4cf4d528]" name="login" duration-ms="11206" started-at="2019-01-14T07:08:47Z" finished-at="2019-01-14T07:08:58Z">
          <reporter-output>
          </reporter-output>
        </test-method> <!-- login -->
      </class> <!-- gitTutorial.com.gitTutorial.testNGCode -->
    </test> <!-- Default test -->
  </suite> <!-- Default suite -->
</testng-results>
